Created by PLY version 3.11 (http://www.dabeaz.com/ply)

Grammar

Rule 0     S' -> function
Rule 1     function -> TYPE ID LPAREN params RPAREN LBRACE statements RBRACE
Rule 2     params -> TYPE ID
Rule 3     params -> TYPE ID COMMA params
Rule 4     params -> empty
Rule 5     statements -> statement
Rule 6     statements -> statement statements
Rule 7     statement -> TYPE ID ASSIGN expression SEMICOLON
Rule 8     statement -> expression SEMICOLON
Rule 9     statement -> RETURN expression SEMICOLON
Rule 10    expression -> expression PLUS expression
Rule 11    expression -> expression MINUS expression
Rule 12    expression -> expression TIMES expression
Rule 13    expression -> expression DIVIDE expression
Rule 14    expression -> LPAREN expression RPAREN
Rule 15    expression -> NUMBER
Rule 16    expression -> ID
Rule 17    empty -> <empty>

Terminals, with rules where they appear

ASSIGN               : 7
COMMA                : 3
DIVIDE               : 13
ID                   : 1 2 3 7 16
LBRACE               : 1
LPAREN               : 1 14
MINUS                : 11
NUMBER               : 15
PLUS                 : 10
RBRACE               : 1
RETURN               : 9
RPAREN               : 1 14
SEMICOLON            : 7 8 9
TIMES                : 12
TYPE                 : 1 2 3 7
error                : 

Nonterminals, with rules where they appear

empty                : 4
expression           : 7 8 9 10 10 11 11 12 12 13 13 14
function             : 0
params               : 1 3
statement            : 5 6
statements           : 1 6

Parsing method: LALR

state 0

    (0) S' -> . function
    (1) function -> . TYPE ID LPAREN params RPAREN LBRACE statements RBRACE

    TYPE            shift and go to state 2

    function                       shift and go to state 1

state 1

    (0) S' -> function .



state 2

    (1) function -> TYPE . ID LPAREN params RPAREN LBRACE statements RBRACE

    ID              shift and go to state 3


state 3

    (1) function -> TYPE ID . LPAREN params RPAREN LBRACE statements RBRACE

    LPAREN          shift and go to state 4


state 4

    (1) function -> TYPE ID LPAREN . params RPAREN LBRACE statements RBRACE
    (2) params -> . TYPE ID
    (3) params -> . TYPE ID COMMA params
    (4) params -> . empty
    (17) empty -> .

    TYPE            shift and go to state 5
    RPAREN          reduce using rule 17 (empty -> .)

    params                         shift and go to state 6
    empty                          shift and go to state 7

state 5

    (2) params -> TYPE . ID
    (3) params -> TYPE . ID COMMA params

    ID              shift and go to state 8


state 6

    (1) function -> TYPE ID LPAREN params . RPAREN LBRACE statements RBRACE

    RPAREN          shift and go to state 9


state 7

    (4) params -> empty .

    RPAREN          reduce using rule 4 (params -> empty .)


state 8

    (2) params -> TYPE ID .
    (3) params -> TYPE ID . COMMA params

    RPAREN          reduce using rule 2 (params -> TYPE ID .)
    COMMA           shift and go to state 10


state 9

    (1) function -> TYPE ID LPAREN params RPAREN . LBRACE statements RBRACE

    LBRACE          shift and go to state 11


state 10

    (3) params -> TYPE ID COMMA . params
    (2) params -> . TYPE ID
    (3) params -> . TYPE ID COMMA params
    (4) params -> . empty
    (17) empty -> .

    TYPE            shift and go to state 5
    RPAREN          reduce using rule 17 (empty -> .)

    params                         shift and go to state 12
    empty                          shift and go to state 7

state 11

    (1) function -> TYPE ID LPAREN params RPAREN LBRACE . statements RBRACE
    (5) statements -> . statement
    (6) statements -> . statement statements
    (7) statement -> . TYPE ID ASSIGN expression SEMICOLON
    (8) statement -> . expression SEMICOLON
    (9) statement -> . RETURN expression SEMICOLON
    (10) expression -> . expression PLUS expression
    (11) expression -> . expression MINUS expression
    (12) expression -> . expression TIMES expression
    (13) expression -> . expression DIVIDE expression
    (14) expression -> . LPAREN expression RPAREN
    (15) expression -> . NUMBER
    (16) expression -> . ID

    TYPE            shift and go to state 13
    RETURN          shift and go to state 19
    LPAREN          shift and go to state 15
    NUMBER          shift and go to state 20
    ID              shift and go to state 14

    statements                     shift and go to state 16
    statement                      shift and go to state 17
    expression                     shift and go to state 18

state 12

    (3) params -> TYPE ID COMMA params .

    RPAREN          reduce using rule 3 (params -> TYPE ID COMMA params .)


state 13

    (7) statement -> TYPE . ID ASSIGN expression SEMICOLON

    ID              shift and go to state 21


state 14

    (16) expression -> ID .

    SEMICOLON       reduce using rule 16 (expression -> ID .)
    PLUS            reduce using rule 16 (expression -> ID .)
    MINUS           reduce using rule 16 (expression -> ID .)
    TIMES           reduce using rule 16 (expression -> ID .)
    DIVIDE          reduce using rule 16 (expression -> ID .)
    RPAREN          reduce using rule 16 (expression -> ID .)


state 15

    (14) expression -> LPAREN . expression RPAREN
    (10) expression -> . expression PLUS expression
    (11) expression -> . expression MINUS expression
    (12) expression -> . expression TIMES expression
    (13) expression -> . expression DIVIDE expression
    (14) expression -> . LPAREN expression RPAREN
    (15) expression -> . NUMBER
    (16) expression -> . ID

    LPAREN          shift and go to state 15
    NUMBER          shift and go to state 20
    ID              shift and go to state 14

    expression                     shift and go to state 22

state 16

    (1) function -> TYPE ID LPAREN params RPAREN LBRACE statements . RBRACE

    RBRACE          shift and go to state 23


state 17

    (5) statements -> statement .
    (6) statements -> statement . statements
    (5) statements -> . statement
    (6) statements -> . statement statements
    (7) statement -> . TYPE ID ASSIGN expression SEMICOLON
    (8) statement -> . expression SEMICOLON
    (9) statement -> . RETURN expression SEMICOLON
    (10) expression -> . expression PLUS expression
    (11) expression -> . expression MINUS expression
    (12) expression -> . expression TIMES expression
    (13) expression -> . expression DIVIDE expression
    (14) expression -> . LPAREN expression RPAREN
    (15) expression -> . NUMBER
    (16) expression -> . ID

    RBRACE          reduce using rule 5 (statements -> statement .)
    TYPE            shift and go to state 13
    RETURN          shift and go to state 19
    LPAREN          shift and go to state 15
    NUMBER          shift and go to state 20
    ID              shift and go to state 14

    statement                      shift and go to state 17
    statements                     shift and go to state 24
    expression                     shift and go to state 18

state 18

    (8) statement -> expression . SEMICOLON
    (10) expression -> expression . PLUS expression
    (11) expression -> expression . MINUS expression
    (12) expression -> expression . TIMES expression
    (13) expression -> expression . DIVIDE expression

    SEMICOLON       shift and go to state 25
    PLUS            shift and go to state 26
    MINUS           shift and go to state 27
    TIMES           shift and go to state 28
    DIVIDE          shift and go to state 29


state 19

    (9) statement -> RETURN . expression SEMICOLON
    (10) expression -> . expression PLUS expression
    (11) expression -> . expression MINUS expression
    (12) expression -> . expression TIMES expression
    (13) expression -> . expression DIVIDE expression
    (14) expression -> . LPAREN expression RPAREN
    (15) expression -> . NUMBER
    (16) expression -> . ID

    LPAREN          shift and go to state 15
    NUMBER          shift and go to state 20
    ID              shift and go to state 14

    expression                     shift and go to state 30

state 20

    (15) expression -> NUMBER .

    SEMICOLON       reduce using rule 15 (expression -> NUMBER .)
    PLUS            reduce using rule 15 (expression -> NUMBER .)
    MINUS           reduce using rule 15 (expression -> NUMBER .)
    TIMES           reduce using rule 15 (expression -> NUMBER .)
    DIVIDE          reduce using rule 15 (expression -> NUMBER .)
    RPAREN          reduce using rule 15 (expression -> NUMBER .)


state 21

    (7) statement -> TYPE ID . ASSIGN expression SEMICOLON

    ASSIGN          shift and go to state 31


state 22

    (14) expression -> LPAREN expression . RPAREN
    (10) expression -> expression . PLUS expression
    (11) expression -> expression . MINUS expression
    (12) expression -> expression . TIMES expression
    (13) expression -> expression . DIVIDE expression

    RPAREN          shift and go to state 32
    PLUS            shift and go to state 26
    MINUS           shift and go to state 27
    TIMES           shift and go to state 28
    DIVIDE          shift and go to state 29


state 23

    (1) function -> TYPE ID LPAREN params RPAREN LBRACE statements RBRACE .

    $end            reduce using rule 1 (function -> TYPE ID LPAREN params RPAREN LBRACE statements RBRACE .)


state 24

    (6) statements -> statement statements .

    RBRACE          reduce using rule 6 (statements -> statement statements .)


state 25

    (8) statement -> expression SEMICOLON .

    TYPE            reduce using rule 8 (statement -> expression SEMICOLON .)
    RETURN          reduce using rule 8 (statement -> expression SEMICOLON .)
    LPAREN          reduce using rule 8 (statement -> expression SEMICOLON .)
    NUMBER          reduce using rule 8 (statement -> expression SEMICOLON .)
    ID              reduce using rule 8 (statement -> expression SEMICOLON .)
    RBRACE          reduce using rule 8 (statement -> expression SEMICOLON .)


state 26

    (10) expression -> expression PLUS . expression
    (10) expression -> . expression PLUS expression
    (11) expression -> . expression MINUS expression
    (12) expression -> . expression TIMES expression
    (13) expression -> . expression DIVIDE expression
    (14) expression -> . LPAREN expression RPAREN
    (15) expression -> . NUMBER
    (16) expression -> . ID

    LPAREN          shift and go to state 15
    NUMBER          shift and go to state 20
    ID              shift and go to state 14

    expression                     shift and go to state 33

state 27

    (11) expression -> expression MINUS . expression
    (10) expression -> . expression PLUS expression
    (11) expression -> . expression MINUS expression
    (12) expression -> . expression TIMES expression
    (13) expression -> . expression DIVIDE expression
    (14) expression -> . LPAREN expression RPAREN
    (15) expression -> . NUMBER
    (16) expression -> . ID

    LPAREN          shift and go to state 15
    NUMBER          shift and go to state 20
    ID              shift and go to state 14

    expression                     shift and go to state 34

state 28

    (12) expression -> expression TIMES . expression
    (10) expression -> . expression PLUS expression
    (11) expression -> . expression MINUS expression
    (12) expression -> . expression TIMES expression
    (13) expression -> . expression DIVIDE expression
    (14) expression -> . LPAREN expression RPAREN
    (15) expression -> . NUMBER
    (16) expression -> . ID

    LPAREN          shift and go to state 15
    NUMBER          shift and go to state 20
    ID              shift and go to state 14

    expression                     shift and go to state 35

state 29

    (13) expression -> expression DIVIDE . expression
    (10) expression -> . expression PLUS expression
    (11) expression -> . expression MINUS expression
    (12) expression -> . expression TIMES expression
    (13) expression -> . expression DIVIDE expression
    (14) expression -> . LPAREN expression RPAREN
    (15) expression -> . NUMBER
    (16) expression -> . ID

    LPAREN          shift and go to state 15
    NUMBER          shift and go to state 20
    ID              shift and go to state 14

    expression                     shift and go to state 36

state 30

    (9) statement -> RETURN expression . SEMICOLON
    (10) expression -> expression . PLUS expression
    (11) expression -> expression . MINUS expression
    (12) expression -> expression . TIMES expression
    (13) expression -> expression . DIVIDE expression

    SEMICOLON       shift and go to state 37
    PLUS            shift and go to state 26
    MINUS           shift and go to state 27
    TIMES           shift and go to state 28
    DIVIDE          shift and go to state 29


state 31

    (7) statement -> TYPE ID ASSIGN . expression SEMICOLON
    (10) expression -> . expression PLUS expression
    (11) expression -> . expression MINUS expression
    (12) expression -> . expression TIMES expression
    (13) expression -> . expression DIVIDE expression
    (14) expression -> . LPAREN expression RPAREN
    (15) expression -> . NUMBER
    (16) expression -> . ID

    LPAREN          shift and go to state 15
    NUMBER          shift and go to state 20
    ID              shift and go to state 14

    expression                     shift and go to state 38

state 32

    (14) expression -> LPAREN expression RPAREN .

    SEMICOLON       reduce using rule 14 (expression -> LPAREN expression RPAREN .)
    PLUS            reduce using rule 14 (expression -> LPAREN expression RPAREN .)
    MINUS           reduce using rule 14 (expression -> LPAREN expression RPAREN .)
    TIMES           reduce using rule 14 (expression -> LPAREN expression RPAREN .)
    DIVIDE          reduce using rule 14 (expression -> LPAREN expression RPAREN .)
    RPAREN          reduce using rule 14 (expression -> LPAREN expression RPAREN .)


state 33

    (10) expression -> expression PLUS expression .
    (10) expression -> expression . PLUS expression
    (11) expression -> expression . MINUS expression
    (12) expression -> expression . TIMES expression
    (13) expression -> expression . DIVIDE expression

  ! shift/reduce conflict for PLUS resolved as shift
  ! shift/reduce conflict for MINUS resolved as shift
  ! shift/reduce conflict for TIMES resolved as shift
  ! shift/reduce conflict for DIVIDE resolved as shift
    SEMICOLON       reduce using rule 10 (expression -> expression PLUS expression .)
    RPAREN          reduce using rule 10 (expression -> expression PLUS expression .)
    PLUS            shift and go to state 26
    MINUS           shift and go to state 27
    TIMES           shift and go to state 28
    DIVIDE          shift and go to state 29

  ! PLUS            [ reduce using rule 10 (expression -> expression PLUS expression .) ]
  ! MINUS           [ reduce using rule 10 (expression -> expression PLUS expression .) ]
  ! TIMES           [ reduce using rule 10 (expression -> expression PLUS expression .) ]
  ! DIVIDE          [ reduce using rule 10 (expression -> expression PLUS expression .) ]


state 34

    (11) expression -> expression MINUS expression .
    (10) expression -> expression . PLUS expression
    (11) expression -> expression . MINUS expression
    (12) expression -> expression . TIMES expression
    (13) expression -> expression . DIVIDE expression

  ! shift/reduce conflict for PLUS resolved as shift
  ! shift/reduce conflict for MINUS resolved as shift
  ! shift/reduce conflict for TIMES resolved as shift
  ! shift/reduce conflict for DIVIDE resolved as shift
    SEMICOLON       reduce using rule 11 (expression -> expression MINUS expression .)
    RPAREN          reduce using rule 11 (expression -> expression MINUS expression .)
    PLUS            shift and go to state 26
    MINUS           shift and go to state 27
    TIMES           shift and go to state 28
    DIVIDE          shift and go to state 29

  ! PLUS            [ reduce using rule 11 (expression -> expression MINUS expression .) ]
  ! MINUS           [ reduce using rule 11 (expression -> expression MINUS expression .) ]
  ! TIMES           [ reduce using rule 11 (expression -> expression MINUS expression .) ]
  ! DIVIDE          [ reduce using rule 11 (expression -> expression MINUS expression .) ]


state 35

    (12) expression -> expression TIMES expression .
    (10) expression -> expression . PLUS expression
    (11) expression -> expression . MINUS expression
    (12) expression -> expression . TIMES expression
    (13) expression -> expression . DIVIDE expression

  ! shift/reduce conflict for PLUS resolved as shift
  ! shift/reduce conflict for MINUS resolved as shift
  ! shift/reduce conflict for TIMES resolved as shift
  ! shift/reduce conflict for DIVIDE resolved as shift
    SEMICOLON       reduce using rule 12 (expression -> expression TIMES expression .)
    RPAREN          reduce using rule 12 (expression -> expression TIMES expression .)
    PLUS            shift and go to state 26
    MINUS           shift and go to state 27
    TIMES           shift and go to state 28
    DIVIDE          shift and go to state 29

  ! PLUS            [ reduce using rule 12 (expression -> expression TIMES expression .) ]
  ! MINUS           [ reduce using rule 12 (expression -> expression TIMES expression .) ]
  ! TIMES           [ reduce using rule 12 (expression -> expression TIMES expression .) ]
  ! DIVIDE          [ reduce using rule 12 (expression -> expression TIMES expression .) ]


state 36

    (13) expression -> expression DIVIDE expression .
    (10) expression -> expression . PLUS expression
    (11) expression -> expression . MINUS expression
    (12) expression -> expression . TIMES expression
    (13) expression -> expression . DIVIDE expression

  ! shift/reduce conflict for PLUS resolved as shift
  ! shift/reduce conflict for MINUS resolved as shift
  ! shift/reduce conflict for TIMES resolved as shift
  ! shift/reduce conflict for DIVIDE resolved as shift
    SEMICOLON       reduce using rule 13 (expression -> expression DIVIDE expression .)
    RPAREN          reduce using rule 13 (expression -> expression DIVIDE expression .)
    PLUS            shift and go to state 26
    MINUS           shift and go to state 27
    TIMES           shift and go to state 28
    DIVIDE          shift and go to state 29

  ! PLUS            [ reduce using rule 13 (expression -> expression DIVIDE expression .) ]
  ! MINUS           [ reduce using rule 13 (expression -> expression DIVIDE expression .) ]
  ! TIMES           [ reduce using rule 13 (expression -> expression DIVIDE expression .) ]
  ! DIVIDE          [ reduce using rule 13 (expression -> expression DIVIDE expression .) ]


state 37

    (9) statement -> RETURN expression SEMICOLON .

    TYPE            reduce using rule 9 (statement -> RETURN expression SEMICOLON .)
    RETURN          reduce using rule 9 (statement -> RETURN expression SEMICOLON .)
    LPAREN          reduce using rule 9 (statement -> RETURN expression SEMICOLON .)
    NUMBER          reduce using rule 9 (statement -> RETURN expression SEMICOLON .)
    ID              reduce using rule 9 (statement -> RETURN expression SEMICOLON .)
    RBRACE          reduce using rule 9 (statement -> RETURN expression SEMICOLON .)


state 38

    (7) statement -> TYPE ID ASSIGN expression . SEMICOLON
    (10) expression -> expression . PLUS expression
    (11) expression -> expression . MINUS expression
    (12) expression -> expression . TIMES expression
    (13) expression -> expression . DIVIDE expression

    SEMICOLON       shift and go to state 39
    PLUS            shift and go to state 26
    MINUS           shift and go to state 27
    TIMES           shift and go to state 28
    DIVIDE          shift and go to state 29


state 39

    (7) statement -> TYPE ID ASSIGN expression SEMICOLON .

    TYPE            reduce using rule 7 (statement -> TYPE ID ASSIGN expression SEMICOLON .)
    RETURN          reduce using rule 7 (statement -> TYPE ID ASSIGN expression SEMICOLON .)
    LPAREN          reduce using rule 7 (statement -> TYPE ID ASSIGN expression SEMICOLON .)
    NUMBER          reduce using rule 7 (statement -> TYPE ID ASSIGN expression SEMICOLON .)
    ID              reduce using rule 7 (statement -> TYPE ID ASSIGN expression SEMICOLON .)
    RBRACE          reduce using rule 7 (statement -> TYPE ID ASSIGN expression SEMICOLON .)

WARNING: 
WARNING: Conflicts:
WARNING: 
WARNING: shift/reduce conflict for PLUS in state 33 resolved as shift
WARNING: shift/reduce conflict for MINUS in state 33 resolved as shift
WARNING: shift/reduce conflict for TIMES in state 33 resolved as shift
WARNING: shift/reduce conflict for DIVIDE in state 33 resolved as shift
WARNING: shift/reduce conflict for PLUS in state 34 resolved as shift
WARNING: shift/reduce conflict for MINUS in state 34 resolved as shift
WARNING: shift/reduce conflict for TIMES in state 34 resolved as shift
WARNING: shift/reduce conflict for DIVIDE in state 34 resolved as shift
WARNING: shift/reduce conflict for PLUS in state 35 resolved as shift
WARNING: shift/reduce conflict for MINUS in state 35 resolved as shift
WARNING: shift/reduce conflict for TIMES in state 35 resolved as shift
WARNING: shift/reduce conflict for DIVIDE in state 35 resolved as shift
WARNING: shift/reduce conflict for PLUS in state 36 resolved as shift
WARNING: shift/reduce conflict for MINUS in state 36 resolved as shift
WARNING: shift/reduce conflict for TIMES in state 36 resolved as shift
WARNING: shift/reduce conflict for DIVIDE in state 36 resolved as shift
